<?xml version="1.0" encoding="UTF-8"?>
<!-- Generated by org.testng.reporters.JUnitXMLReporter -->
<testsuite hostname="Tonmoys-MBP.attlocal.net" ignored="0" name="Chrome Test" tests="2" failures="0" timestamp="06 Feb 2018 22:42:25 GMT" time="0.707" errors="0">
  <testcase name="@BeforeClass beforeClass" time="0.195" classname="AdvancedReporting.Test1">
    <failure type="java.lang.IllegalStateException" message="The path to the driver executable must be set by the webdriver.chrome.driver system property; for more information, see https://github.com/SeleniumHQ/selenium/wiki/ChromeDriver. The latest version can be downloaded from http://chromedriver.storage.googleapis.com/index.html">
      <![CDATA[java.lang.IllegalStateException: The path to the driver executable must be set by the webdriver.chrome.driver system property; for more information, see https://github.com/SeleniumHQ/selenium/wiki/ChromeDriver. The latest version can be downloaded from http://chromedriver.storage.googleapis.com/index.html
	at com.google.common.base.Preconditions.checkState(Preconditions.java:754)
	at org.openqa.selenium.remote.service.DriverService.findExecutable(DriverService.java:124)
	at org.openqa.selenium.chrome.ChromeDriverService.access$000(ChromeDriverService.java:32)
	at org.openqa.selenium.chrome.ChromeDriverService$Builder.findDefaultExecutable(ChromeDriverService.java:137)
	at org.openqa.selenium.remote.service.DriverService$Builder.build(DriverService.java:339)
	at org.openqa.selenium.chrome.ChromeDriverService.createDefaultService(ChromeDriverService.java:88)
	at org.openqa.selenium.chrome.ChromeDriver.<init>(ChromeDriver.java:123)
	at AdvancedReporting.Test1.beforeClass(Test1.java:32)
... Removed 25 stack frames]]>
    </failure>
  </testcase> <!-- @BeforeClass beforeClass -->
  <testcase name="@AfterClass afterClass" time="0.0" classname="AdvancedReporting.Test1">
    <skipped/>
  </testcase> <!-- @AfterClass afterClass -->
  <testcase name="testMethod" time="0.006" classname="AdvancedReporting.Test2"/>
  <testcase name="test1_validLoginTest" time="0.001" classname="AdvancedReporting.Test1">
    <skipped/>
  </testcase> <!-- test1_validLoginTest -->
</testsuite> <!-- Chrome Test -->
